# JRE version: OpenJDK Runtime Environment (8.0_152-b01) (build 1.8.0_152-release-1024-b01)
# Java VM: OpenJDK 64-Bit Server VM (25.152-b01 mixed mode bsd-amd64 compressed oops)
Heap:
 par new generation   total 393216K, used 204686K [0x0000000770000000, 0x000000078aaa0000, 0x000000078aaa0000)
  eden space 349568K,  48% used [0x0000000770000000, 0x000000077a558840, 0x0000000785560000)
  from space 43648K,  81% used [0x0000000788000000, 0x000000078a28b028, 0x000000078aaa0000)
  to   space 43648K,   0% used [0x0000000785560000, 0x0000000785560000, 0x0000000788000000)
 concurrent mark-sweep generation total 873856K, used 470138K [0x000000078aaa0000, 0x00000007c0000000, 0x00000007c0000000)
 Metaspace       used 348765K, capacity 374814K, committed 378144K, reserved 1376256K
  class space    used 45392K, capacity 50071K, committed 50660K, reserved 1048576K
GC Heap History (10 events):
Event: 364566.231 GC heap before
{Heap before GC invocations=6108 (full 109):
 par new generation   total 393216K, used 384495K [0x0000000770000000, 0x000000078aaa0000, 0x000000078aaa0000)
  eden space 349568K, 100% used [0x0000000770000000, 0x0000000785560000, 0x0000000785560000)
  from space 43648K,  80% used [0x0000000785560000, 0x000000078777bcb0, 0x0000000788000000)
  to   space 43648K,   0% used [0x0000000788000000, 0x0000000788000000, 0x000000078aaa0000)
 concurrent mark-sweep generation total 873856K, used 456492K [0x000000078aaa0000, 0x00000007c0000000, 0x00000007c0000000)
 Metaspace       used 348425K, capacity 374376K, committed 377888K, reserved 1376256K
  class space    used 45341K, capacity 50014K, committed 50660K, reserved 1048576K
Event: 364566.252 GC heap after
Heap after GC invocations=6109 (full 109):
 par new generation   total 393216K, used 36007K [0x0000000770000000, 0x000000078aaa0000, 0x000000078aaa0000)
  eden space 349568K,   0% used [0x0000000770000000, 0x0000000770000000, 0x0000000785560000)
  from space 43648K,  82% used [0x0000000788000000, 0x000000078a329c80, 0x000000078aaa0000)
  to   space 43648K,   0% used [0x0000000785560000, 0x0000000785560000, 0x0000000788000000)
 concurrent mark-sweep generation total 873856K, used 461986K [0x000000078aaa0000, 0x00000007c0000000, 0x00000007c0000000)
 Metaspace       used 348425K, capacity 374376K, committed 377888K, reserved 1376256K
  class space    used 45341K, capacity 50014K, committed 50660K, reserved 1048576K
}
Event: 364762.512 GC heap before
{Heap before GC invocations=6109 (full 109):
 par new generation   total 393216K, used 385575K [0x0000000770000000, 0x000000078aaa0000, 0x000000078aaa0000)
  eden space 349568K, 100% used [0x0000000770000000, 0x0000000785560000, 0x0000000785560000)
  from space 43648K,  82% used [0x0000000788000000, 0x000000078a329c80, 0x000000078aaa0000)
  to   space 43648K,   0% used [0x0000000785560000, 0x0000000785560000, 0x0000000788000000)
 concurrent mark-sweep generation total 873856K, used 461986K [0x000000078aaa0000, 0x00000007c0000000, 0x00000007c0000000)
 Metaspace       used 348447K, capacity 374424K, committed 377888K, reserved 1376256K
  class space    used 45345K, capacity 50022K, committed 50660K, reserved 1048576K
Event: 364762.542 GC heap after
Heap after GC invocations=6110 (full 109):
 par new generation   total 393216K, used 32481K [0x0000000770000000, 0x000000078aaa0000, 0x000000078aaa0000)
  eden space 349568K,   0% used [0x0000000770000000, 0x0000000770000000, 0x0000000785560000)
  from space 43648K,  74% used [0x0000000785560000, 0x00000007875184e0, 0x0000000788000000)
  to   space 43648K,   0% used [0x0000000788000000, 0x0000000788000000, 0x000000078aaa0000)
 concurrent mark-sweep generation total 873856K, used 467819K [0x000000078aaa0000, 0x00000007c0000000, 0x00000007c0000000)
 Metaspace       used 348447K, capacity 374424K, committed 377888K, reserved 1376256K
  class space    used 45345K, capacity 50022K, committed 50660K, reserved 1048576K
}
Event: 364766.697 GC heap before
{Heap before GC invocations=6110 (full 109):
 par new generation   total 393216K, used 382049K [0x0000000770000000, 0x000000078aaa0000, 0x000000078aaa0000)
  eden space 349568K, 100% used [0x0000000770000000, 0x0000000785560000, 0x0000000785560000)
  from space 43648K,  74% used [0x0000000785560000, 0x00000007875184e0, 0x0000000788000000)
  to   space 43648K,   0% used [0x0000000788000000, 0x0000000788000000, 0x000000078aaa0000)
 concurrent mark-sweep generation total 873856K, used 467819K [0x000000078aaa0000, 0x00000007c0000000, 0x00000007c0000000)
 Metaspace       used 348452K, capacity 374430K, committed 377888K, reserved 1376256K
  class space    used 45346K, capacity 50023K, committed 50660K, reserved 1048576K
Event: 364766.712 GC heap after
Heap after GC invocations=6111 (full 109):
 par new generation   total 393216K, used 33743K [0x0000000770000000, 0x000000078aaa0000, 0x000000078aaa0000)
  eden space 349568K,   0% used [0x0000000770000000, 0x0000000770000000, 0x0000000785560000)
  from space 43648K,  77% used [0x0000000788000000, 0x000000078a0f3d70, 0x000000078aaa0000)
  to   space 43648K,   0% used [0x0000000785560000, 0x0000000785560000, 0x0000000788000000)
 concurrent mark-sweep generation total 873856K, used 467819K [0x000000078aaa0000, 0x00000007c0000000, 0x00000007c0000000)
 Metaspace       used 348452K, capacity 374430K, committed 377888K, reserved 1376256K
  class space    used 45346K, capacity 50023K, committed 50660K, reserved 1048576K
}
Event: 364893.905 GC heap before
{Heap before GC invocations=6111 (full 109):
 par new generation   total 393216K, used 383311K [0x0000000770000000, 0x000000078aaa0000, 0x000000078aaa0000)
  eden space 349568K, 100% used [0x0000000770000000, 0x0000000785560000, 0x0000000785560000)
  from space 43648K,  77% used [0x0000000788000000, 0x000000078a0f3d70, 0x000000078aaa0000)
  to   space 43648K,   0% used [0x0000000785560000, 0x0000000785560000, 0x0000000788000000)
 concurrent mark-sweep generation total 873856K, used 467819K [0x000000078aaa0000, 0x00000007c0000000, 0x00000007c0000000)
 Metaspace       used 348468K, capacity 374500K, committed 377888K, reserved 1376256K
  class space    used 45346K, capacity 50024K, committed 50660K, reserved 1048576K
Event: 364893.928 GC heap after
Heap after GC invocations=6112 (full 109):
 par new generation   total 393216K, used 33033K [0x0000000770000000, 0x000000078aaa0000, 0x000000078aaa0000)
  eden space 349568K,   0% used [0x0000000770000000, 0x0000000770000000, 0x0000000785560000)
  from space 43648K,  75% used [0x0000000785560000, 0x00000007875a24b8, 0x0000000788000000)
  to   space 43648K,   0% used [0x0000000788000000, 0x0000000788000000, 0x000000078aaa0000)
 concurrent mark-sweep generation total 873856K, used 470138K [0x000000078aaa0000, 0x00000007c0000000, 0x00000007c0000000)
 Metaspace       used 348468K, capacity 374500K, committed 377888K, reserved 1376256K
  class space    used 45346K, capacity 50024K, committed 50660K, reserved 1048576K
}
Event: 364894.546 GC heap before
{Heap before GC invocations=6112 (full 109):
 par new generation   total 393216K, used 382601K [0x0000000770000000, 0x000000078aaa0000, 0x000000078aaa0000)
  eden space 349568K, 100% used [0x0000000770000000, 0x0000000785560000, 0x0000000785560000)
  from space 43648K,  75% used [0x0000000785560000, 0x00000007875a24b8, 0x0000000788000000)
  to   space 43648K,   0% used [0x0000000788000000, 0x0000000788000000, 0x000000078aaa0000)
 concurrent mark-sweep generation total 873856K, used 470138K [0x000000078aaa0000, 0x00000007c0000000, 0x00000007c0000000)
 Metaspace       used 348469K, capacity 374500K, committed 377888K, reserved 1376256K
  class space    used 45346K, capacity 50024K, committed 50660K, reserved 1048576K
Event: 364894.567 GC heap after
Heap after GC invocations=6113 (full 109):
 par new generation   total 393216K, used 35372K [0x0000000770000000, 0x000000078aaa0000, 0x000000078aaa0000)
  eden space 349568K,   0% used [0x0000000770000000, 0x0000000770000000, 0x0000000785560000)
  from space 43648K,  81% used [0x0000000788000000, 0x000000078a28b028, 0x000000078aaa0000)
  to   space 43648K,   0% used [0x0000000785560000, 0x0000000785560000, 0x0000000788000000)
 concurrent mark-sweep generation total 873856K, used 470138K [0x000000078aaa0000, 0x00000007c0000000, 0x00000007c0000000)
 Metaspace       used 348469K, capacity 374500K, committed 377888K, reserved 1376256K
  class space    used 45346K, capacity 50024K, committed 50660K, reserved 1048576K
}

